<?xml version="1.0" encoding="UTF-8"?>
<robot generator="Robot 7.3.2 (Python 3.11.0 on win32)" generated="2025-11-20T15:46:14.073311" rpa="false" schemaversion="5">
<suite id="s1" name="Search Test" source="C:\Users\aaryan\Desktop\Automation\Demoproject\tests\search_test.robot">
<kw name="Load Environment" owner="environment" type="SETUP">
<kw name="Set Variable" owner="BuiltIn">
<msg time="2025-11-20T15:46:14.433477" level="INFO">${path} = ../variables/dev.yaml</msg>
<var>${path}</var>
<arg>../variables/${env}.yaml</arg>
<doc>Returns the given values which can then be assigned to a variables.</doc>
<status status="PASS" start="2025-11-20T15:46:14.433477" elapsed="0.000000"/>
</kw>
<kw name="Import Variables" owner="BuiltIn">
<arg>${path}</arg>
<doc>Imports a variable file with the given path and optional arguments.</doc>
<status status="PASS" start="2025-11-20T15:46:14.434476" elapsed="0.000999"/>
</kw>
<arg>dev</arg>
<status status="PASS" start="2025-11-20T15:46:14.432478" elapsed="0.002997"/>
</kw>
<test id="s1-t1" name="Verify Search Functionality" line="12">
<kw name="Open Browser To URL" owner="browser" type="SETUP">
<kw name="Open Browser" owner="SeleniumLibrary">
<msg time="2025-11-20T15:46:14.437475" level="INFO">Opening browser 'chrome' to base url 'https://www.imdb.com'.</msg>
<arg>${url}</arg>
<arg>${browser}</arg>
<doc>Opens a new browser instance to the optional ``url``.</doc>
<status status="PASS" start="2025-11-20T15:46:14.437475" elapsed="4.551829"/>
</kw>
<kw name="Maximize Browser Window" owner="SeleniumLibrary">
<doc>Maximizes current browser window.</doc>
<status status="PASS" start="2025-11-20T15:46:18.989304" elapsed="0.209983"/>
</kw>
<arg>${BASE_URL}</arg>
<arg>${BROWSER}</arg>
<status status="PASS" start="2025-11-20T15:46:14.436475" elapsed="4.762812"/>
</kw>
<kw name="Enter Search Query" owner="SearchPage">
<kw name="Input Text Into" owner="common">
<kw name="Input Text" owner="SeleniumLibrary">
<msg time="2025-11-20T15:46:19.203286" level="INFO">Typing text 'Interstellar' into text field 'xpath=//input[@id='suggestion-search']'.</msg>
<arg>${locator}</arg>
<arg>${text}</arg>
<doc>Types the given ``text`` into the text field identified by ``locator``.</doc>
<status status="PASS" start="2025-11-20T15:46:19.202284" elapsed="0.251309"/>
</kw>
<arg>${SEARCH_FIELD}</arg>
<arg>${movie}</arg>
<status status="PASS" start="2025-11-20T15:46:19.201285" elapsed="0.252308"/>
</kw>
<arg>Interstellar</arg>
<status status="PASS" start="2025-11-20T15:46:19.200286" elapsed="0.253307"/>
</kw>
<kw name="Submit Search" owner="SearchPage">
<kw name="Press Keys" owner="SeleniumLibrary">
<msg time="2025-11-20T15:46:19.453593" level="INFO">Sending key(s) ('ENTER',) to xpath=//input[@id='suggestion-search'] element.</msg>
<msg time="2025-11-20T15:46:19.782737" level="INFO">Pressing special key ENTER to element.</msg>
<msg time="2025-11-20T15:46:19.782737" level="INFO">Releasing special key ENTER.</msg>
<arg>${SEARCH_FIELD}</arg>
<arg>ENTER</arg>
<doc>Simulates the user pressing key(s) to an element or on the active browser.</doc>
<status status="PASS" start="2025-11-20T15:46:19.453593" elapsed="2.182324"/>
</kw>
<status status="PASS" start="2025-11-20T15:46:19.453593" elapsed="2.182324"/>
</kw>
<kw name="Run Keyword And Ignore Error" owner="BuiltIn" type="TEARDOWN">
<kw name="Close Browser" owner="browser">
<kw name="Close Browser" owner="browser">
<kw name="Close Browser" owner="browser">
<kw name="Close Browser" owner="browser">
<kw name="Close Browser" owner="browser">
<kw name="Close Browser" owner="browser">
<kw name="Close Browser" owner="browser">
<kw name="Close Browser" owner="browser">
<kw name="Close Browser" owner="browser">
<kw name="Close Browser" owner="browser">
<kw name="Close Browser" owner="browser">
<kw name="Close Browser" owner="browser">
<kw name="Close Browser" owner="browser">
<kw name="Close Browser" owner="browser">
<kw name="Close Browser" owner="browser">
<kw name="Close Browser" owner="browser">
<kw name="Close Browser" owner="browser">
<kw name="Close Browser" owner="browser">
<kw name="Close Browser" owner="browser">
<kw name="Close Browser" owner="browser">
<kw name="Close Browser" owner="browser">
<kw name="Close Browser" owner="browser">
<kw name="Close Browser" owner="browser">
<kw name="Close Browser" owner="browser">
<kw name="Close Browser" owner="browser">
<kw name="Close Browser" owner="browser">
<kw name="Close Browser" owner="browser">
<kw name="Close Browser" owner="browser">
<kw name="Close Browser" owner="browser">
<kw name="Close Browser" owner="browser">
<kw name="Close Browser" owner="browser">
<kw name="Close Browser" owner="browser">
<kw name="Close Browser" owner="browser">
<kw name="Close Browser" owner="browser">
<kw name="Close Browser" owner="browser">
<kw name="Close Browser" owner="browser">
<kw name="Close Browser" owner="browser">
<kw name="Close Browser" owner="browser">
<kw name="Close Browser" owner="browser">
<kw name="Close Browser" owner="browser">
<kw name="Close Browser" owner="browser">
<kw name="Close Browser" owner="browser">
<kw name="Close Browser" owner="browser">
<kw name="Close Browser" owner="browser">
<kw name="Close Browser" owner="browser">
<kw name="Close Browser" owner="browser">
<kw name="Close Browser" owner="browser">
<kw name="Close Browser" owner="browser">
<kw name="Close Browser" owner="browser">
<kw name="Close Browser" owner="browser">
<kw name="Close Browser" owner="browser">
<kw name="Close Browser" owner="browser">
<kw name="Close Browser" owner="browser">
<kw name="Close Browser" owner="browser">
<kw name="Close Browser" owner="browser">
<kw name="Close Browser" owner="browser">
<kw name="Close Browser" owner="browser">
<kw name="Close Browser" owner="browser">
<kw name="Close Browser" owner="browser">
<kw name="Close Browser" owner="browser">
<kw name="Close Browser" owner="browser">
<kw name="Close Browser" owner="browser">
<kw name="Close Browser" owner="browser">
<kw name="Close Browser" owner="browser">
<kw name="Close Browser" owner="browser">
<kw name="Close Browser" owner="browser">
<kw name="Close Browser" owner="browser">
<kw name="Close Browser" owner="browser">
<kw name="Close Browser" owner="browser">
<kw name="Close Browser" owner="browser">
<kw name="Close Browser" owner="browser">
<kw name="Close Browser" owner="browser">
<kw name="Close Browser" owner="browser">
<kw name="Close Browser" owner="browser">
<kw name="Close Browser" owner="browser">
<kw name="Close Browser" owner="browser">
<kw name="Close Browser" owner="browser">
<kw name="Close Browser" owner="browser">
<kw name="Close Browser" owner="browser">
<kw name="Close Browser" owner="browser">
<kw name="Close Browser" owner="browser">
<kw name="Close Browser" owner="browser">
<kw name="Close Browser" owner="browser">
<kw name="Close Browser" owner="browser">
<kw name="Close Browser" owner="browser">
<kw name="Close Browser" owner="browser">
<kw name="Close Browser" owner="browser">
<kw name="Close Browser" owner="browser">
<kw name="Close Browser" owner="browser">
<kw name="Close Browser" owner="browser">
<kw name="Close Browser" owner="browser">
<kw name="Close Browser" owner="browser">
<kw name="Close Browser" owner="browser">
<kw name="Close Browser" owner="browser">
<kw name="Close Browser" owner="browser">
<kw name="Close Browser" owner="browser">
<kw name="Close Browser" owner="browser">
<kw name="Close Browser" owner="browser">
<kw name="Close Browser" owner="browser">
<kw name="Close Browser" owner="browser">
<kw name="Close Browser" owner="browser">
<kw name="Close Browser" owner="browser">
<kw name="Close Browser" owner="browser">
<kw name="Close Browser" owner="browser">
<kw name="Close Browser" owner="browser">
<kw name="Close Browser" owner="browser">
<kw name="Close Browser" owner="browser">
<kw name="Close Browser" owner="browser">
<kw name="Close Browser" owner="browser">
<kw name="Close Browser" owner="browser">
<kw name="Close Browser" owner="browser">
<kw name="Close Browser" owner="browser">
<kw name="Close Browser" owner="browser">
<kw name="Close Browser" owner="browser">
<kw name="Close Browser" owner="browser">
<kw name="Close Browser" owner="browser">
<kw name="Close Browser" owner="browser">
<kw name="Close Browser" owner="browser">
<kw name="Close Browser" owner="browser">
<kw name="Close Browser" owner="browser">
<kw name="Close Browser" owner="browser">
<kw name="Close Browser" owner="browser">
<kw name="Close Browser" owner="browser">
<kw name="Close Browser" owner="browser">
<kw name="Close Browser" owner="browser">
<kw name="Close Browser" owner="browser">
<kw name="Close Browser" owner="browser">
<kw name="Close Browser" owner="browser">
<kw name="Close Browser" owner="browser">
<kw name="Close Browser" owner="browser">
<kw name="Close Browser" owner="browser">
<kw name="Close Browser" owner="browser">
<kw name="Close Browser" owner="browser">
<kw name="Close Browser" owner="browser">
<kw name="Close Browser" owner="browser">
<kw name="Close Browser" owner="browser">
<kw name="Close Browser" owner="browser">
<kw name="Close Browser" owner="browser">
<kw name="Close Browser" owner="browser">
<kw name="Close Browser" owner="browser">
<kw name="Close Browser" owner="browser">
<kw name="Close Browser" owner="browser">
<kw name="Close Browser" owner="browser">
<kw name="Close Browser" owner="browser">
<kw name="Close Browser" owner="browser">
<kw name="Close Browser" owner="browser">
<msg time="2025-11-20T15:46:21.705131" level="FAIL">Recursive execution stopped.</msg>
<status status="FAIL" start="2025-11-20T15:46:21.704131" elapsed="0.001000">Recursive execution stopped.</status>
</kw>
<status status="FAIL" start="2025-11-20T15:46:21.704131" elapsed="0.001000">Recursive execution stopped.</status>
</kw>
<status status="FAIL" start="2025-11-20T15:46:21.704131" elapsed="0.002000">Recursive execution stopped.</status>
</kw>
<status status="FAIL" start="2025-11-20T15:46:21.703132" elapsed="0.002999">Recursive execution stopped.</status>
</kw>
<status status="FAIL" start="2025-11-20T15:46:21.703132" elapsed="0.002999">Recursive execution stopped.</status>
</kw>
<status status="FAIL" start="2025-11-20T15:46:21.702133" elapsed="0.007995">Recursive execution stopped.</status>
</kw>
<status status="FAIL" start="2025-11-20T15:46:21.702133" elapsed="0.008994">Recursive execution stopped.</status>
</kw>
<status status="FAIL" start="2025-11-20T15:46:21.701134" elapsed="0.009993">Recursive execution stopped.</status>
</kw>
<status status="FAIL" start="2025-11-20T15:46:21.701134" elapsed="0.009993">Recursive execution stopped.</status>
</kw>
<status status="FAIL" start="2025-11-20T15:46:21.701134" elapsed="0.010998">Recursive execution stopped.</status>
</kw>
<status status="FAIL" start="2025-11-20T15:46:21.700135" elapsed="0.011997">Recursive execution stopped.</status>
</kw>
<status status="FAIL" start="2025-11-20T15:46:21.699135" elapsed="0.012997">Recursive execution stopped.</status>
</kw>
<status status="FAIL" start="2025-11-20T15:46:21.699135" elapsed="0.013991">Recursive execution stopped.</status>
</kw>
<status status="FAIL" start="2025-11-20T15:46:21.697142" elapsed="0.015984">Recursive execution stopped.</status>
</kw>
<status status="FAIL" start="2025-11-20T15:46:21.696137" elapsed="0.016989">Recursive execution stopped.</status>
</kw>
<status status="FAIL" start="2025-11-20T15:46:21.695138" elapsed="0.018988">Recursive execution stopped.</status>
</kw>
<status status="FAIL" start="2025-11-20T15:46:21.695138" elapsed="0.019540">Recursive execution stopped.</status>
</kw>
<status status="FAIL" start="2025-11-20T15:46:21.694138" elapsed="0.021064">Recursive execution stopped.</status>
</kw>
<status status="FAIL" start="2025-11-20T15:46:21.694138" elapsed="0.021064">Recursive execution stopped.</status>
</kw>
<status status="FAIL" start="2025-11-20T15:46:21.693138" elapsed="0.023403">Recursive execution stopped.</status>
</kw>
<status status="FAIL" start="2025-11-20T15:46:21.692139" elapsed="0.024402">Recursive execution stopped.</status>
</kw>
<status status="FAIL" start="2025-11-20T15:46:21.691140" elapsed="0.026408">Recursive execution stopped.</status>
</kw>
<status status="FAIL" start="2025-11-20T15:46:21.690140" elapsed="0.027408">Recursive execution stopped.</status>
</kw>
<status status="FAIL" start="2025-11-20T15:46:21.690140" elapsed="0.028400">Recursive execution stopped.</status>
</kw>
<status status="FAIL" start="2025-11-20T15:46:21.689141" elapsed="0.029399">Recursive execution stopped.</status>
</kw>
<status status="FAIL" start="2025-11-20T15:46:21.689141" elapsed="0.030502">Recursive execution stopped.</status>
</kw>
<status status="FAIL" start="2025-11-20T15:46:21.688141" elapsed="0.032275">Recursive execution stopped.</status>
</kw>
<status status="FAIL" start="2025-11-20T15:46:21.688141" elapsed="0.032275">Recursive execution stopped.</status>
</kw>
<status status="FAIL" start="2025-11-20T15:46:21.687142" elapsed="0.034490">Recursive execution stopped.</status>
</kw>
<status status="FAIL" start="2025-11-20T15:46:21.687142" elapsed="0.034490">Recursive execution stopped.</status>
</kw>
<status status="FAIL" start="2025-11-20T15:46:21.686143" elapsed="0.036489">Recursive execution stopped.</status>
</kw>
<status status="FAIL" start="2025-11-20T15:46:21.686143" elapsed="0.036489">Recursive execution stopped.</status>
</kw>
<status status="FAIL" start="2025-11-20T15:46:21.685144" elapsed="0.038487">Recursive execution stopped.</status>
</kw>
<status status="FAIL" start="2025-11-20T15:46:21.685144" elapsed="0.038487">Recursive execution stopped.</status>
</kw>
<status status="FAIL" start="2025-11-20T15:46:21.683145" elapsed="0.041486">Recursive execution stopped.</status>
</kw>
<status status="FAIL" start="2025-11-20T15:46:21.683145" elapsed="0.041486">Recursive execution stopped.</status>
</kw>
<status status="FAIL" start="2025-11-20T15:46:21.682602" elapsed="0.042029">Recursive execution stopped.</status>
</kw>
<status status="FAIL" start="2025-11-20T15:46:21.681602" elapsed="0.044029">Recursive execution stopped.</status>
</kw>
<status status="FAIL" start="2025-11-20T15:46:21.681602" elapsed="0.045028">Recursive execution stopped.</status>
</kw>
<status status="FAIL" start="2025-11-20T15:46:21.681602" elapsed="0.045028">Recursive execution stopped.</status>
</kw>
<status status="FAIL" start="2025-11-20T15:46:21.680603" elapsed="0.046027">Recursive execution stopped.</status>
</kw>
<status status="FAIL" start="2025-11-20T15:46:21.680603" elapsed="0.047026">Recursive execution stopped.</status>
</kw>
<status status="FAIL" start="2025-11-20T15:46:21.680603" elapsed="0.047026">Recursive execution stopped.</status>
</kw>
<status status="FAIL" start="2025-11-20T15:46:21.679604" elapsed="0.049024">Recursive execution stopped.</status>
</kw>
<status status="FAIL" start="2025-11-20T15:46:21.679604" elapsed="0.049024">Recursive execution stopped.</status>
</kw>
<status status="FAIL" start="2025-11-20T15:46:21.679604" elapsed="0.050024">Recursive execution stopped.</status>
</kw>
<status status="FAIL" start="2025-11-20T15:46:21.678605" elapsed="0.051023">Recursive execution stopped.</status>
</kw>
<status status="FAIL" start="2025-11-20T15:46:21.678605" elapsed="0.052308">Recursive execution stopped.</status>
</kw>
<status status="FAIL" start="2025-11-20T15:46:21.678605" elapsed="0.052308">Recursive execution stopped.</status>
</kw>
<status status="FAIL" start="2025-11-20T15:46:21.677605" elapsed="0.054308">Recursive execution stopped.</status>
</kw>
<status status="FAIL" start="2025-11-20T15:46:21.676605" elapsed="0.060493">Recursive execution stopped.</status>
</kw>
<status status="FAIL" start="2025-11-20T15:46:21.676605" elapsed="0.061490">Recursive execution stopped.</status>
</kw>
<status status="FAIL" start="2025-11-20T15:46:21.675606" elapsed="0.063487">Recursive execution stopped.</status>
</kw>
<status status="FAIL" start="2025-11-20T15:46:21.675606" elapsed="0.064487">Recursive execution stopped.</status>
</kw>
<status status="FAIL" start="2025-11-20T15:46:21.675606" elapsed="0.064487">Recursive execution stopped.</status>
</kw>
<status status="FAIL" start="2025-11-20T15:46:21.674606" elapsed="0.070486">Recursive execution stopped.</status>
</kw>
<status status="FAIL" start="2025-11-20T15:46:21.674606" elapsed="0.070486">Recursive execution stopped.</status>
</kw>
<status status="FAIL" start="2025-11-20T15:46:21.674606" elapsed="0.070486">Recursive execution stopped.</status>
</kw>
<status status="FAIL" start="2025-11-20T15:46:21.673607" elapsed="0.072485">Recursive execution stopped.</status>
</kw>
<status status="FAIL" start="2025-11-20T15:46:21.673607" elapsed="0.072485">Recursive execution stopped.</status>
</kw>
<status status="FAIL" start="2025-11-20T15:46:21.673607" elapsed="0.072485">Recursive execution stopped.</status>
</kw>
<status status="FAIL" start="2025-11-20T15:46:21.672608" elapsed="0.074483">Recursive execution stopped.</status>
</kw>
<status status="FAIL" start="2025-11-20T15:46:21.672608" elapsed="0.074483">Recursive execution stopped.</status>
</kw>
<status status="FAIL" start="2025-11-20T15:46:21.671609" elapsed="0.076481">Recursive execution stopped.</status>
</kw>
<status status="FAIL" start="2025-11-20T15:46:21.671609" elapsed="0.077480">Recursive execution stopped.</status>
</kw>
<status status="FAIL" start="2025-11-20T15:46:21.670610" elapsed="0.078479">Recursive execution stopped.</status>
</kw>
<status status="FAIL" start="2025-11-20T15:46:21.670610" elapsed="0.078479">Recursive execution stopped.</status>
</kw>
<status status="FAIL" start="2025-11-20T15:46:21.670610" elapsed="0.079501">Recursive execution stopped.</status>
</kw>
<status status="FAIL" start="2025-11-20T15:46:21.669610" elapsed="0.080501">Recursive execution stopped.</status>
</kw>
<status status="FAIL" start="2025-11-20T15:46:21.669610" elapsed="0.081508">Recursive execution stopped.</status>
</kw>
<status status="FAIL" start="2025-11-20T15:46:21.669610" elapsed="0.081627">Recursive execution stopped.</status>
</kw>
<status status="FAIL" start="2025-11-20T15:46:21.668611" elapsed="0.082626">Recursive execution stopped.</status>
</kw>
<status status="FAIL" start="2025-11-20T15:46:21.668611" elapsed="0.083631">Recursive execution stopped.</status>
</kw>
<status status="FAIL" start="2025-11-20T15:46:21.668611" elapsed="0.084148">Recursive execution stopped.</status>
</kw>
<status status="FAIL" start="2025-11-20T15:46:21.667611" elapsed="0.085148">Recursive execution stopped.</status>
</kw>
<status status="FAIL" start="2025-11-20T15:46:21.667611" elapsed="0.086148">Recursive execution stopped.</status>
</kw>
<status status="FAIL" start="2025-11-20T15:46:21.666611" elapsed="0.087148">Recursive execution stopped.</status>
</kw>
<status status="FAIL" start="2025-11-20T15:46:21.665612" elapsed="0.090145">Recursive execution stopped.</status>
</kw>
<status status="FAIL" start="2025-11-20T15:46:21.664611" elapsed="0.091146">Recursive execution stopped.</status>
</kw>
<status status="FAIL" start="2025-11-20T15:46:21.664611" elapsed="0.092145">Recursive execution stopped.</status>
</kw>
<status status="FAIL" start="2025-11-20T15:46:21.664611" elapsed="0.092145">Recursive execution stopped.</status>
</kw>
<status status="FAIL" start="2025-11-20T15:46:21.663612" elapsed="0.093144">Recursive execution stopped.</status>
</kw>
<status status="FAIL" start="2025-11-20T15:46:21.663612" elapsed="0.094144">Recursive execution stopped.</status>
</kw>
<status status="FAIL" start="2025-11-20T15:46:21.663612" elapsed="0.094144">Recursive execution stopped.</status>
</kw>
<status status="FAIL" start="2025-11-20T15:46:21.662613" elapsed="0.095143">Recursive execution stopped.</status>
</kw>
<status status="FAIL" start="2025-11-20T15:46:21.662613" elapsed="0.096142">Recursive execution stopped.</status>
</kw>
<status status="FAIL" start="2025-11-20T15:46:21.662613" elapsed="0.096142">Recursive execution stopped.</status>
</kw>
<status status="FAIL" start="2025-11-20T15:46:21.661613" elapsed="0.097142">Recursive execution stopped.</status>
</kw>
<status status="FAIL" start="2025-11-20T15:46:21.661613" elapsed="0.098141">Recursive execution stopped.</status>
</kw>
<status status="FAIL" start="2025-11-20T15:46:21.661613" elapsed="0.098141">Recursive execution stopped.</status>
</kw>
<status status="FAIL" start="2025-11-20T15:46:21.660614" elapsed="0.099140">Recursive execution stopped.</status>
</kw>
<status status="FAIL" start="2025-11-20T15:46:21.660614" elapsed="0.100140">Recursive execution stopped.</status>
</kw>
<status status="FAIL" start="2025-11-20T15:46:21.659615" elapsed="0.101139">Recursive execution stopped.</status>
</kw>
<status status="FAIL" start="2025-11-20T15:46:21.658616" elapsed="0.102138">Recursive execution stopped.</status>
</kw>
<status status="FAIL" start="2025-11-20T15:46:21.658616" elapsed="0.103137">Recursive execution stopped.</status>
</kw>
<status status="FAIL" start="2025-11-20T15:46:21.658616" elapsed="0.103137">Recursive execution stopped.</status>
</kw>
<status status="FAIL" start="2025-11-20T15:46:21.657616" elapsed="0.104137">Recursive execution stopped.</status>
</kw>
<status status="FAIL" start="2025-11-20T15:46:21.657616" elapsed="0.105136">Recursive execution stopped.</status>
</kw>
<status status="FAIL" start="2025-11-20T15:46:21.656617" elapsed="0.106135">Recursive execution stopped.</status>
</kw>
<status status="FAIL" start="2025-11-20T15:46:21.656617" elapsed="0.106135">Recursive execution stopped.</status>
</kw>
<status status="FAIL" start="2025-11-20T15:46:21.656617" elapsed="0.106135">Recursive execution stopped.</status>
</kw>
<status status="FAIL" start="2025-11-20T15:46:21.655617" elapsed="0.108136">Recursive execution stopped.</status>
</kw>
<status status="FAIL" start="2025-11-20T15:46:21.655617" elapsed="0.108136">Recursive execution stopped.</status>
</kw>
<status status="FAIL" start="2025-11-20T15:46:21.655617" elapsed="0.108136">Recursive execution stopped.</status>
</kw>
<status status="FAIL" start="2025-11-20T15:46:21.654618" elapsed="0.110135">Recursive execution stopped.</status>
</kw>
<status status="FAIL" start="2025-11-20T15:46:21.654618" elapsed="0.110135">Recursive execution stopped.</status>
</kw>
<status status="FAIL" start="2025-11-20T15:46:21.653618" elapsed="0.111135">Recursive execution stopped.</status>
</kw>
<status status="FAIL" start="2025-11-20T15:46:21.652905" elapsed="0.112847">Recursive execution stopped.</status>
</kw>
<status status="FAIL" start="2025-11-20T15:46:21.652905" elapsed="0.112847">Recursive execution stopped.</status>
</kw>
<status status="FAIL" start="2025-11-20T15:46:21.651906" elapsed="0.113846">Recursive execution stopped.</status>
</kw>
<status status="FAIL" start="2025-11-20T15:46:21.651906" elapsed="0.114763">Recursive execution stopped.</status>
</kw>
<status status="FAIL" start="2025-11-20T15:46:21.651906" elapsed="0.114763">Recursive execution stopped.</status>
</kw>
<status status="FAIL" start="2025-11-20T15:46:21.650910" elapsed="0.116761">Recursive execution stopped.</status>
</kw>
<status status="FAIL" start="2025-11-20T15:46:21.650910" elapsed="0.116761">Recursive execution stopped.</status>
</kw>
<status status="FAIL" start="2025-11-20T15:46:21.649908" elapsed="0.117763">Recursive execution stopped.</status>
</kw>
<status status="FAIL" start="2025-11-20T15:46:21.649908" elapsed="0.117763">Recursive execution stopped.</status>
</kw>
<status status="FAIL" start="2025-11-20T15:46:21.648908" elapsed="0.119766">Recursive execution stopped.</status>
</kw>
<status status="FAIL" start="2025-11-20T15:46:21.648908" elapsed="0.119766">Recursive execution stopped.</status>
</kw>
<status status="FAIL" start="2025-11-20T15:46:21.648908" elapsed="0.119766">Recursive execution stopped.</status>
</kw>
<status status="FAIL" start="2025-11-20T15:46:21.647908" elapsed="0.120766">Recursive execution stopped.</status>
</kw>
<status status="FAIL" start="2025-11-20T15:46:21.647908" elapsed="0.121765">Recursive execution stopped.</status>
</kw>
<status status="FAIL" start="2025-11-20T15:46:21.646909" elapsed="0.122764">Recursive execution stopped.</status>
</kw>
<status status="FAIL" start="2025-11-20T15:46:21.645911" elapsed="0.124757">Recursive execution stopped.</status>
</kw>
<status status="FAIL" start="2025-11-20T15:46:21.645911" elapsed="0.124757">Recursive execution stopped.</status>
</kw>
<status status="FAIL" start="2025-11-20T15:46:21.645911" elapsed="0.124757">Recursive execution stopped.</status>
</kw>
<status status="FAIL" start="2025-11-20T15:46:21.644911" elapsed="0.125757">Recursive execution stopped.</status>
</kw>
<status status="FAIL" start="2025-11-20T15:46:21.644911" elapsed="0.125757">Recursive execution stopped.</status>
</kw>
<status status="FAIL" start="2025-11-20T15:46:21.643912" elapsed="0.127757">Recursive execution stopped.</status>
</kw>
<status status="FAIL" start="2025-11-20T15:46:21.643912" elapsed="0.127757">Recursive execution stopped.</status>
</kw>
<status status="FAIL" start="2025-11-20T15:46:21.643912" elapsed="0.127757">Recursive execution stopped.</status>
</kw>
<status status="FAIL" start="2025-11-20T15:46:21.642912" elapsed="0.128757">Recursive execution stopped.</status>
</kw>
<status status="FAIL" start="2025-11-20T15:46:21.642912" elapsed="0.128757">Recursive execution stopped.</status>
</kw>
<status status="FAIL" start="2025-11-20T15:46:21.642912" elapsed="0.129755">Recursive execution stopped.</status>
</kw>
<status status="FAIL" start="2025-11-20T15:46:21.641913" elapsed="0.130754">Recursive execution stopped.</status>
</kw>
<status status="FAIL" start="2025-11-20T15:46:21.641913" elapsed="0.130754">Recursive execution stopped.</status>
</kw>
<status status="FAIL" start="2025-11-20T15:46:21.640913" elapsed="0.131754">Recursive execution stopped.</status>
</kw>
<status status="FAIL" start="2025-11-20T15:46:21.639914" elapsed="0.132753">Recursive execution stopped.</status>
</kw>
<status status="FAIL" start="2025-11-20T15:46:21.639914" elapsed="0.133752">Recursive execution stopped.</status>
</kw>
<status status="FAIL" start="2025-11-20T15:46:21.638914" elapsed="0.134752">Recursive execution stopped.</status>
</kw>
<status status="FAIL" start="2025-11-20T15:46:21.638914" elapsed="0.134752">Recursive execution stopped.</status>
</kw>
<status status="FAIL" start="2025-11-20T15:46:21.638914" elapsed="0.134752">Recursive execution stopped.</status>
</kw>
<status status="FAIL" start="2025-11-20T15:46:21.637915" elapsed="0.136751">Recursive execution stopped.</status>
</kw>
<status status="FAIL" start="2025-11-20T15:46:21.637915" elapsed="0.136751">Recursive execution stopped.</status>
</kw>
<status status="FAIL" start="2025-11-20T15:46:21.637915" elapsed="0.136751">Recursive execution stopped.</status>
</kw>
<status status="FAIL" start="2025-11-20T15:46:21.636916" elapsed="0.137750">Recursive execution stopped.</status>
</kw>
<status status="FAIL" start="2025-11-20T15:46:21.636916" elapsed="0.137750">Recursive execution stopped.</status>
</kw>
<arg>Close Browser</arg>
<doc>Runs the given keyword with the given arguments and ignores possible error.</doc>
<status status="PASS" start="2025-11-20T15:46:21.635917" elapsed="0.138749"/>
</kw>
<tag>search</tag>
<tag>smoke</tag>
<status status="PASS" start="2025-11-20T15:46:14.436475" elapsed="7.338191"/>
</test>
<status status="PASS" start="2025-11-20T15:46:14.075309" elapsed="7.700779"/>
</suite>
<statistics>
<total>
<stat pass="1" fail="0" skip="0">All Tests</stat>
</total>
<tag>
<stat pass="1" fail="0" skip="0">search</stat>
<stat pass="1" fail="0" skip="0">smoke</stat>
</tag>
<suite>
<stat name="Search Test" id="s1" pass="1" fail="0" skip="0">Search Test</stat>
</suite>
</statistics>
<errors>
</errors>
</robot>
